#-----------------------------------------------------------
# Vivado v2019.2 (64-bit)
# SW Build 2708876 on Wed Nov  6 21:40:23 MST 2019
# IP Build 2700528 on Thu Nov  7 00:09:20 MST 2019
# Start of session at: Thu Oct 24 13:43:36 2024
# Process ID: 4972
# Current directory: E:/CA/lab2
# Command line: vivado.exe -gui_launcher_event rodinguilauncherevent12992 E:\CA\lab2\lab2.xpr
# Log file: E:/CA/lab2/vivado.log
# Journal file: E:/CA/lab2\vivado.jou
#-----------------------------------------------------------
start_gui
open_project E:/CA/lab2/lab2.xpr
CRITICAL WARNING: [Project 1-19] Could not find the file 'E:/../cpu_lab1_checker.coe'.
CRITICAL WARNING: [Project 1-19] Could not find the file 'E:/../cpu_lab1_inst0.coe'.
CRITICAL WARNING: [Project 1-19] Could not find the file 'E:/../cpu_lab1_inst2.coe'.
CRITICAL WARNING: [Project 1-19] Could not find the file 'E:/../cpu_lab1_ans2.coe'.
Scanning sources...
Finished scanning sources
WARNING: [filemgmt 56-3] IP Repository Path: Could not find the directory 'E:/../lcd_controller/lcd_controller.srcs/sources_1'.
WARNING: [filemgmt 56-3] IP Repository Path: Could not find the directory 'E:/../ma_river_core/ma_river_core.srcs/sources_1'.
INFO: [IP_Flow 19-234] Refreshing IP repositories
WARNING: [IP_Flow 19-2248] Failed to load user IP repository 'e:lcd_controller/lcd_controller.srcs/sources_1'; Can't find the specified path.
If this directory should no longer be in your list of user repositories, go to the IP Settings dialog and remove it.
WARNING: [IP_Flow 19-2248] Failed to load user IP repository 'e:ma_river_core/ma_river_core.srcs/sources_1'; Can't find the specified path.
If this directory should no longer be in your list of user repositories, go to the IP Settings dialog and remove it.
INFO: [IP_Flow 19-2313] Loaded Vivado IP repository 'E:/Xilinx/Vivado/2019.2/data/ip'.
WARNING: [IP_Flow 19-2162] IP 'ma_river_core_0' is locked:
* IP definition 'ma_river_core (1.0)' for IP 'ma_river_core_0' (customized with software release 2019.2) was not found in the IP Catalog.
WARNING: [IP_Flow 19-2162] IP 'lcd_controller_0' is locked:
* IP definition 'lcd_controller (1.0)' for IP 'lcd_controller_0' (customized with software release 2019.2) was not found in the IP Catalog.
open_project: Time (s): cpu = 00:00:07 ; elapsed = 00:00:10 . Memory (MB): peak = 996.020 ; gain = 294.172
update_compile_order -fileset sources_1
launch_simulation
Command: launch_simulation 
INFO: [Vivado 12-5698] Checking validity of IPs in the design for the 'XSim' simulator...
INFO: [Vivado 12-5682] Launching behavioral simulation in 'E:/CA/lab2/lab2.sim/sim_1/behav/xsim'
INFO: [Vivado 12-4795] Using compiled simulation libraries for IPs
INFO: [SIM-utils-51] Simulation object is 'sim_1'
INFO: [USF-XSim-7] Finding pre-compiled libraries...
INFO: [USF-XSim-11] File 'E:/Xilinx/Vivado/2019.2/data/xsim/xsim.ini' copied to run dir:'E:/CA/lab2/lab2.sim/sim_1/behav/xsim'
INFO: [SIM-utils-54] Inspecting design source files for 'tb' in fileset 'sim_1'...
INFO: [SIM-utils-43] Exported 'E:/CA/lab2/lab2.sim/sim_1/behav/xsim/cpu_ans0_rom.mif'
INFO: [SIM-utils-43] Exported 'E:/CA/lab2/lab2.sim/sim_1/behav/xsim/cpu_lab2_ans0.coe'
INFO: [SIM-utils-43] Exported 'E:/CA/lab2/lab2.sim/sim_1/behav/xsim/cpu_ans1_rom.mif'
INFO: [SIM-utils-43] Exported 'E:/CA/lab2/lab2.sim/sim_1/behav/xsim/cpu_lab2_ans1.coe'
INFO: [SIM-utils-43] Exported 'E:/CA/lab2/lab2.sim/sim_1/behav/xsim/cpu_ans2_rom.mif'
INFO: [SIM-utils-43] Exported 'E:/CA/lab2/lab2.sim/sim_1/behav/xsim/cpu_lab2_ans2.coe'
INFO: [SIM-utils-43] Exported 'E:/CA/lab2/lab2.sim/sim_1/behav/xsim/cpu_data_ram.mif'
INFO: [SIM-utils-43] Exported 'E:/CA/lab2/lab2.sim/sim_1/behav/xsim/cpu_lab1_data.coe'
INFO: [SIM-utils-43] Exported 'E:/CA/lab2/lab2.sim/sim_1/behav/xsim/cpu_inst0_rom.mif'
INFO: [SIM-utils-43] Exported 'E:/CA/lab2/lab2.sim/sim_1/behav/xsim/cpu_lab2_inst0.coe'
INFO: [SIM-utils-43] Exported 'E:/CA/lab2/lab2.sim/sim_1/behav/xsim/cpu_inst1_rom.mif'
INFO: [SIM-utils-43] Exported 'E:/CA/lab2/lab2.sim/sim_1/behav/xsim/cpu_lab2_inst1.coe'
INFO: [SIM-utils-43] Exported 'E:/CA/lab2/lab2.sim/sim_1/behav/xsim/cpu_inst2_rom.mif'
INFO: [SIM-utils-43] Exported 'E:/CA/lab2/lab2.sim/sim_1/behav/xsim/cpu_lab2_inst2.coe'
INFO: [SIM-utils-43] Exported 'E:/CA/lab2/lab2.sim/sim_1/behav/xsim/font_rom.mif'
INFO: [SIM-utils-43] Exported 'E:/CA/lab2/lab2.sim/sim_1/behav/xsim/font_rom.coe'
INFO: [SIM-utils-43] Exported 'E:/CA/lab2/lab2.sim/sim_1/behav/xsim/rst_rom.mif'
INFO: [SIM-utils-43] Exported 'E:/CA/lab2/lab2.sim/sim_1/behav/xsim/rst_rom.coe'
INFO: [SIM-utils-43] Exported 'E:/CA/lab2/lab2.sim/sim_1/behav/xsim/mr_bram.mif'
INFO: [SIM-utils-43] Exported 'E:/CA/lab2/lab2.sim/sim_1/behav/xsim/bp_lab2_checker.coe'
INFO: [SIM-utils-43] Exported 'E:/CA/lab2/lab2.sim/sim_1/behav/xsim/decoder_checker.coe'
INFO: [SIM-utils-43] Exported 'E:/CA/lab2/lab2.sim/sim_1/behav/xsim/decoder_code.coe'
INFO: [SIM-utils-43] Exported 'E:/CA/lab2/lab2.sim/sim_1/behav/xsim/decoder_ans.coe'
INFO: [SIM-utils-43] Exported 'E:/CA/lab2/lab2.sim/sim_1/behav/xsim/cpu_inst.coe'
INFO: [SIM-utils-43] Exported 'E:/CA/lab2/lab2.sim/sim_1/behav/xsim/cpu_data.coe'
INFO: [SIM-utils-43] Exported 'E:/CA/lab2/lab2.sim/sim_1/behav/xsim/cpu_ans.coe'
INFO: [SIM-utils-43] Exported 'E:/CA/lab2/lab2.sim/sim_1/behav/xsim/cpu_checker.coe'
INFO: [SIM-utils-43] Exported 'E:/CA/lab2/lab2.sim/sim_1/behav/xsim/cpu_lab1_checker.coe'
INFO: [SIM-utils-43] Exported 'E:/CA/lab2/lab2.sim/sim_1/behav/xsim/cpu_lab1_inst0.coe'
INFO: [SIM-utils-43] Exported 'E:/CA/lab2/lab2.sim/sim_1/behav/xsim/cpu_lab1_inst1.coe'
INFO: [SIM-utils-43] Exported 'E:/CA/lab2/lab2.sim/sim_1/behav/xsim/cpu_lab1_inst2.coe'
INFO: [SIM-utils-43] Exported 'E:/CA/lab2/lab2.sim/sim_1/behav/xsim/cpu_lab1_ans0.coe'
INFO: [SIM-utils-43] Exported 'E:/CA/lab2/lab2.sim/sim_1/behav/xsim/cpu_lab1_ans1.coe'
INFO: [SIM-utils-43] Exported 'E:/CA/lab2/lab2.sim/sim_1/behav/xsim/cpu_lab1_ans2.coe'
INFO: [SIM-utils-43] Exported 'E:/CA/lab2/lab2.sim/sim_1/behav/xsim/cpu_lab1_checker.coe'
INFO: [SIM-utils-43] Exported 'E:/CA/lab2/lab2.sim/sim_1/behav/xsim/cpu_lab1_inst0.coe'
INFO: [SIM-utils-43] Exported 'E:/CA/lab2/lab2.sim/sim_1/behav/xsim/cpu_lab1_inst2.coe'
INFO: [SIM-utils-43] Exported 'E:/CA/lab2/lab2.sim/sim_1/behav/xsim/cpu_lab1_ans2.coe'
INFO: [USF-XSim-97] Finding global include files...
INFO: [USF-XSim-98] Fetching design files from 'sim_1'...
INFO: [USF-XSim-2] XSim::Compile design
INFO: [USF-XSim-61] Executing 'COMPILE and ANALYZE' step in 'E:/CA/lab2/lab2.sim/sim_1/behav/xsim'
"xvlog --incr --relax -prj tb_vlog.prj"
"xvhdl --incr --relax -prj tb_vhdl.prj"
run_program: Time (s): cpu = 00:00:01 ; elapsed = 00:00:10 . Memory (MB): peak = 1152.926 ; gain = 0.000
INFO: [USF-XSim-69] 'compile' step finished in '11' seconds
INFO: [USF-XSim-3] XSim::Elaborate design
INFO: [USF-XSim-61] Executing 'ELABORATE' step in 'E:/CA/lab2/lab2.sim/sim_1/behav/xsim'
"xelab -wto a09cde91121843259e7dd34b0e71a465 --incr --debug typical --relax --mt 2 -L blk_mem_gen_v8_4_4 -L xil_defaultlib -L dist_mem_gen_v8_0_13 -L generic_baseblocks_v2_1_0 -L axi_infrastructure_v1_1_0 -L axi_register_slice_v2_1_20 -L fifo_generator_v13_2_5 -L axi_data_fifo_v2_1_19 -L axi_crossbar_v2_1_21 -L unisims_ver -L unimacro_ver -L secureip -L xpm --snapshot tb_behav xil_defaultlib.tb xil_defaultlib.glbl -log elaborate.log"
Vivado Simulator 2019.2
Copyright 1986-1999, 2001-2019 Xilinx, Inc. All Rights Reserved.
Running: E:/Xilinx/Vivado/2019.2/bin/unwrapped/win64.o/xelab.exe -wto a09cde91121843259e7dd34b0e71a465 --incr --debug typical --relax --mt 2 -L blk_mem_gen_v8_4_4 -L xil_defaultlib -L dist_mem_gen_v8_0_13 -L generic_baseblocks_v2_1_0 -L axi_infrastructure_v1_1_0 -L axi_register_slice_v2_1_20 -L fifo_generator_v13_2_5 -L axi_data_fifo_v2_1_19 -L axi_crossbar_v2_1_21 -L unisims_ver -L unimacro_ver -L secureip -L xpm --snapshot tb_behav xil_defaultlib.tb xil_defaultlib.glbl -log elaborate.log 
Using 2 slave threads.
Starting static elaboration
Pass Through NonSizing Optimizer
WARNING: [VRFC 10-3091] actual bit length 32 differs from formal bit length 1 for port 'sim' [E:/CA/lab2/lab2.srcs/sources_1/new/soc_top.v:184]
WARNING: [VRFC 10-3091] actual bit length 32 differs from formal bit length 1 for port 'dma_valid_dev' [E:/CA/lab2/lab2.srcs/sources_1/new/soc_top.v:195]
WARNING: [VRFC 10-3091] actual bit length 32 differs from formal bit length 1 for port 'dma_last_dev' [E:/CA/lab2/lab2.srcs/sources_1/new/soc_top.v:196]
WARNING: [VRFC 10-3091] actual bit length 32 differs from formal bit length 16 for port 'dma_data_dev' [E:/CA/lab2/lab2.srcs/sources_1/new/soc_top.v:197]
WARNING: [VRFC 10-3091] actual bit length 4 differs from formal bit length 6 for port 'rid' [E:/CA/lab2/lab2.srcs/sources_1/new/soc_top.v:211]
WARNING: [VRFC 10-3091] actual bit length 4 differs from formal bit length 6 for port 'bid' [E:/CA/lab2/lab2.srcs/sources_1/new/soc_top.v:234]
WARNING: [VRFC 10-3091] actual bit length 16 differs from formal bit length 10 for port 'a' [E:/CA/lab2/lab2.srcs/sources_1/ip/lcd_controller_0/imports/hardware/lcd_controller.v:154]
WARNING: [VRFC 10-3091] actual bit length 32 differs from formal bit length 6 for port 'ext_int' [E:/CA/lab2/lab2.srcs/sources_1/new/soc_top.v:284]
WARNING: [VRFC 10-3091] actual bit length 32 differs from formal bit length 1 for port 'a_wait' [E:/CA/lab2/lab2.srcs/sources_1/ip/ma_river_core_0/imports/super/mul.v:50]
WARNING: [VRFC 10-3091] actual bit length 32 differs from formal bit length 48 for port 'C' [E:/CA/lab2/lab2.srcs/sources_1/ip/ma_river_core_0/imports/super/dsp_mul.v:80]
WARNING: [VRFC 10-3091] actual bit length 32 differs from formal bit length 25 for port 'D' [E:/CA/lab2/lab2.srcs/sources_1/ip/ma_river_core_0/imports/super/dsp_mul.v:82]
WARNING: [VRFC 10-3091] actual bit length 32 differs from formal bit length 1 for port 'a_wait' [E:/CA/lab2/lab2.srcs/sources_1/ip/ma_river_core_0/imports/super/mul.v:53]
WARNING: [VRFC 10-3091] actual bit length 32 differs from formal bit length 1 for port 'a_wait' [E:/CA/lab2/lab2.srcs/sources_1/ip/ma_river_core_0/imports/super/mul.v:56]
WARNING: [VRFC 10-3091] actual bit length 32 differs from formal bit length 1 for port 'a_wait' [E:/CA/lab2/lab2.srcs/sources_1/ip/ma_river_core_0/imports/super/mul.v:59]
WARNING: [VRFC 10-3091] actual bit length 26 differs from formal bit length 41 for port 'result' [E:/CA/lab2/lab2.srcs/sources_1/ip/ma_river_core_0/imports/super/f_muler_front.v:70]
WARNING: [VRFC 10-3091] actual bit length 26 differs from formal bit length 41 for port 'result' [E:/CA/lab2/lab2.srcs/sources_1/ip/ma_river_core_0/imports/super/f_muler_front.v:82]
WARNING: [VRFC 10-3091] actual bit length 22 differs from formal bit length 41 for port 'result' [E:/CA/lab2/lab2.srcs/sources_1/ip/ma_river_core_0/imports/super/f_muler_front.v:85]
WARNING: [VRFC 10-3091] actual bit length 22 differs from formal bit length 41 for port 'result' [E:/CA/lab2/lab2.srcs/sources_1/ip/ma_river_core_0/imports/super/f_muler_front.v:88]
WARNING: [VRFC 10-3091] actual bit length 22 differs from formal bit length 41 for port 'result' [E:/CA/lab2/lab2.srcs/sources_1/ip/ma_river_core_0/imports/super/f_muler_front.v:91]
WARNING: [VRFC 10-3091] actual bit length 7 differs from formal bit length 41 for port 'result' [E:/CA/lab2/lab2.srcs/sources_1/ip/ma_river_core_0/imports/super/f_muler_front.v:94]
WARNING: [VRFC 10-3091] actual bit length 32 differs from formal bit length 1 for port 'a_wait' [E:/CA/lab2/lab2.srcs/sources_1/ip/ma_river_core_0/imports/super/fpu_top.v:420]
WARNING: [VRFC 10-3091] actual bit length 32 differs from formal bit length 4 for port 's_axi_arqos' [E:/CA/lab2/lab2.srcs/sources_1/new/soc_top.v:443]
WARNING: [VRFC 10-3091] actual bit length 32 differs from formal bit length 4 for port 's_axi_awqos' [E:/CA/lab2/lab2.srcs/sources_1/new/soc_top.v:460]
WARNING: [VRFC 10-3091] actual bit length 8 differs from formal bit length 7 for port 'a' [E:/CA/lab2/lab2.srcs/sources_1/new/soc_top.v:531]
WARNING: [VRFC 10-3091] actual bit length 6 differs from formal bit length 5 for port 'waddr' [E:/CA/lab2/cpu.v:194]
WARNING: [VRFC 10-5021] port 'aclk2x' is not connected on this instance [/wrk/2019.2/continuous/2019_11_06_2708876/packages/customer/vivado/data/ip/xilinx/axi_crossbar_v2_1/hdl/axi_crossbar_v2_1_vl_rfs.v:3103]
Completed static elaboration
INFO: [XSIM 43-4323] No Change in HDL. Linking previously generated obj files to create kernel
run_program: Time (s): cpu = 00:00:01 ; elapsed = 00:00:13 . Memory (MB): peak = 1152.926 ; gain = 0.000
INFO: [USF-XSim-69] 'elaborate' step finished in '12' seconds
INFO: [USF-XSim-4] XSim::Simulate design
INFO: [USF-XSim-61] Executing 'SIMULATE' step in 'E:/CA/lab2/lab2.sim/sim_1/behav/xsim'
INFO: [USF-XSim-98] *** Running xsim
   with args "tb_behav -key {Behavioral:sim_1:Functional:tb} -tclbatch {tb.tcl} -view {E:/CA/lab2/lab2.srcs/sim_1/imports/lab4/tb_behav.wcfg} -log {simulate.log}"
INFO: [USF-XSim-8] Loading simulator feature
Vivado Simulator 2019.2
Time resolution is 1 ps
open_wave_config E:/CA/lab2/lab2.srcs/sim_1/imports/lab4/tb_behav.wcfg
open_wave_config: Time (s): cpu = 00:00:02 ; elapsed = 00:00:09 . Memory (MB): peak = 1159.344 ; gain = 6.418
source tb.tcl
# set curr_wave [current_wave_config]
# if { [string length $curr_wave] == 0 } {
#   if { [llength [get_objects]] > 0} {
#     add_wave /
#     set_property needs_save false [current_wave_config]
#   } else {
#      send_msg_id Add_Wave-1 WARNING "No top level signals found. Simulator will start without a wave window. If you want to open a wave window go to 'File->New Waveform Configuration' or type 'create_wave_config' in the TCL console."
#   }
# }
# run 0ns
 Block Memory Generator module loading initial data...
 Block Memory Generator data initialization complete.
Block Memory Generator module tb.soc.ram.inst.axi_mem_module.blk_mem_gen_v8_4_4_inst is using a behavioral model for simulation which will not precisely model memory collision behavior.
WARNING: This core is supplied with a behavioral model. To model cycle-accurate behavior you must run timing simulation.
WARNING: This core is supplied with a behavioral model. To model cycle-accurate behavior you must run timing simulation.
Block Memory Generator module tb.soc.lcd.inst.textram.inst.native_mem_module.blk_mem_gen_v8_4_4_inst is using a behavioral model for simulation which will not precisely model memory collision behavior.
 Block Memory Generator module loading initial data...
 Block Memory Generator data initialization complete.
Block Memory Generator module tb.soc.mrcore.inst.Fetch_module.genblk1[0].icdat0.bs.inst.native_mem_module.blk_mem_gen_v8_4_4_inst is using a behavioral model for simulation which will not precisely model memory collision behavior.
 Block Memory Generator module loading initial data...
 Block Memory Generator data initialization complete.
Block Memory Generator module tb.soc.mrcore.inst.Fetch_module.genblk1[0].icdat1.bs.inst.native_mem_module.blk_mem_gen_v8_4_4_inst is using a behavioral model for simulation which will not precisely model memory collision behavior.
 Block Memory Generator module loading initial data...
 Block Memory Generator data initialization complete.
Block Memory Generator module tb.soc.mrcore.inst.Fetch_module.genblk1[1].icdat0.bs.inst.native_mem_module.blk_mem_gen_v8_4_4_inst is using a behavioral model for simulation which will not precisely model memory collision behavior.
 Block Memory Generator module loading initial data...
 Block Memory Generator data initialization complete.
Block Memory Generator module tb.soc.mrcore.inst.Fetch_module.genblk1[1].icdat1.bs.inst.native_mem_module.blk_mem_gen_v8_4_4_inst is using a behavioral model for simulation which will not precisely model memory collision behavior.
 Block Memory Generator module loading initial data...
 Block Memory Generator data initialization complete.
Block Memory Generator module tb.soc.mrcore.inst.Fetch_module.genblk1[2].icdat0.bs.inst.native_mem_module.blk_mem_gen_v8_4_4_inst is using a behavioral model for simulation which will not precisely model memory collision behavior.
 Block Memory Generator module loading initial data...
 Block Memory Generator data initialization complete.
Block Memory Generator module tb.soc.mrcore.inst.Fetch_module.genblk1[2].icdat1.bs.inst.native_mem_module.blk_mem_gen_v8_4_4_inst is using a behavioral model for simulation which will not precisely model memory collision behavior.
 Block Memory Generator module loading initial data...
 Block Memory Generator data initialization complete.
Block Memory Generator module tb.soc.mrcore.inst.Fetch_module.genblk1[3].icdat0.bs.inst.native_mem_module.blk_mem_gen_v8_4_4_inst is using a behavioral model for simulation which will not precisely model memory collision behavior.
 Block Memory Generator module loading initial data...
 Block Memory Generator data initialization complete.
Block Memory Generator module tb.soc.mrcore.inst.Fetch_module.genblk1[3].icdat1.bs.inst.native_mem_module.blk_mem_gen_v8_4_4_inst is using a behavioral model for simulation which will not precisely model memory collision behavior.
 Block Memory Generator module loading initial data...
 Block Memory Generator data initialization complete.
Block Memory Generator module tb.soc.mrcore.inst.FU_MU_module.genblk1[0].dcache_data.bt.inst.native_mem_module.blk_mem_gen_v8_4_4_inst is using a behavioral model for simulation which will not precisely model memory collision behavior.
 Block Memory Generator module loading initial data...
 Block Memory Generator data initialization complete.
Block Memory Generator module tb.soc.mrcore.inst.FU_MU_module.genblk1[1].dcache_data.bt.inst.native_mem_module.blk_mem_gen_v8_4_4_inst is using a behavioral model for simulation which will not precisely model memory collision behavior.
 Block Memory Generator module loading initial data...
 Block Memory Generator data initialization complete.
Block Memory Generator module tb.soc.mrcore.inst.FU_MU_module.genblk1[2].dcache_data.bt.inst.native_mem_module.blk_mem_gen_v8_4_4_inst is using a behavioral model for simulation which will not precisely model memory collision behavior.
WARNING: This core is supplied with a behavioral model. To model cycle-accurate behavior you must run timing simulation.
WARNING: This core is supplied with a behavioral model. To model cycle-accurate behavior you must run timing simulation.
WARNING: This core is supplied with a behavioral model. To model cycle-accurate behavior you must run timing simulation.
WARNING: This core is supplied with a behavioral model. To model cycle-accurate behavior you must run timing simulation.
WARNING: This core is supplied with a behavioral model. To model cycle-accurate behavior you must run timing simulation.
WARNING: This core is supplied with a behavioral model. To model cycle-accurate behavior you must run timing simulation.
WARNING: This core is supplied with a behavioral model. To model cycle-accurate behavior you must run timing simulation.
 Block Memory Generator module loading initial data...
 Block Memory Generator data initialization complete.
Block Memory Generator module tb.soc.checker._a0.inst.native_mem_module.blk_mem_gen_v8_4_4_inst is using a behavioral model for simulation which will not precisely model memory collision behavior.
 Block Memory Generator module loading initial data...
 Block Memory Generator data initialization complete.
Block Memory Generator module tb.soc.checker._a1.inst.native_mem_module.blk_mem_gen_v8_4_4_inst is using a behavioral model for simulation which will not precisely model memory collision behavior.
 Block Memory Generator module loading initial data...
 Block Memory Generator data initialization complete.
Block Memory Generator module tb.soc.checker._a2.inst.native_mem_module.blk_mem_gen_v8_4_4_inst is using a behavioral model for simulation which will not precisely model memory collision behavior.
xsim: Time (s): cpu = 00:00:04 ; elapsed = 00:00:14 . Memory (MB): peak = 1175.820 ; gain = 22.895
INFO: [USF-XSim-96] XSim completed. Design snapshot 'tb_behav' loaded.
INFO: [USF-XSim-97] XSim simulation ran for 0ns
launch_simulation: Time (s): cpu = 00:00:08 ; elapsed = 00:00:42 . Memory (MB): peak = 1175.820 ; gain = 28.809
run all
WARNING in tb.soc.checker.ir.i0.inst at time                 5100 ns: 
Reading from out-of-range address. Max address in tb.soc.checker.ir.i0.inst is          31
WARNING in tb.soc.checker.ir.i1.inst at time                 5100 ns: 
Reading from out-of-range address. Max address in tb.soc.checker.ir.i1.inst is          31
WARNING in tb.soc.checker.ir.i2.inst at time                 5100 ns: 
Reading from out-of-range address. Max address in tb.soc.checker.ir.i2.inst is          31
-------------------
   HIT COA Lab2    
 Branch Predictor
-------------------
Run test case 2
Your CPU is correct! It spent 1154 cycles in total

PASS! You have done well!
-------------------
$finish called at time : 92955 ns : File "E:/CA/lab2/lab2.srcs/sources_1/new/cpu_checker.v" Line 133
run: Time (s): cpu = 00:00:05 ; elapsed = 00:00:10 . Memory (MB): peak = 1232.586 ; gain = 56.766
relaunch_sim
Command: launch_simulation -simset sim_1 -mode behavioral
INFO: [Vivado 12-5698] Checking validity of IPs in the design for the 'XSim' simulator...
INFO: [Vivado 12-5682] Launching behavioral simulation in 'E:/CA/lab2/lab2.sim/sim_1/behav/xsim'
INFO: [Vivado 12-4795] Using compiled simulation libraries for IPs
INFO: [SIM-utils-51] Simulation object is 'sim_1'
INFO: [USF-XSim-7] Finding pre-compiled libraries...
INFO: [USF-XSim-11] File 'E:/Xilinx/Vivado/2019.2/data/xsim/xsim.ini' copied to run dir:'E:/CA/lab2/lab2.sim/sim_1/behav/xsim'
INFO: [SIM-utils-54] Inspecting design source files for 'tb' in fileset 'sim_1'...
INFO: [SIM-utils-43] Exported 'E:/CA/lab2/lab2.sim/sim_1/behav/xsim/cpu_ans0_rom.mif'
INFO: [SIM-utils-43] Exported 'E:/CA/lab2/lab2.sim/sim_1/behav/xsim/cpu_lab2_ans0.coe'
INFO: [SIM-utils-43] Exported 'E:/CA/lab2/lab2.sim/sim_1/behav/xsim/cpu_ans1_rom.mif'
INFO: [SIM-utils-43] Exported 'E:/CA/lab2/lab2.sim/sim_1/behav/xsim/cpu_lab2_ans1.coe'
INFO: [SIM-utils-43] Exported 'E:/CA/lab2/lab2.sim/sim_1/behav/xsim/cpu_ans2_rom.mif'
INFO: [SIM-utils-43] Exported 'E:/CA/lab2/lab2.sim/sim_1/behav/xsim/cpu_lab2_ans2.coe'
INFO: [SIM-utils-43] Exported 'E:/CA/lab2/lab2.sim/sim_1/behav/xsim/cpu_data_ram.mif'
INFO: [SIM-utils-43] Exported 'E:/CA/lab2/lab2.sim/sim_1/behav/xsim/cpu_lab1_data.coe'
INFO: [SIM-utils-43] Exported 'E:/CA/lab2/lab2.sim/sim_1/behav/xsim/cpu_inst0_rom.mif'
INFO: [SIM-utils-43] Exported 'E:/CA/lab2/lab2.sim/sim_1/behav/xsim/cpu_lab2_inst0.coe'
INFO: [SIM-utils-43] Exported 'E:/CA/lab2/lab2.sim/sim_1/behav/xsim/cpu_inst1_rom.mif'
INFO: [SIM-utils-43] Exported 'E:/CA/lab2/lab2.sim/sim_1/behav/xsim/cpu_lab2_inst1.coe'
INFO: [SIM-utils-43] Exported 'E:/CA/lab2/lab2.sim/sim_1/behav/xsim/cpu_inst2_rom.mif'
INFO: [SIM-utils-43] Exported 'E:/CA/lab2/lab2.sim/sim_1/behav/xsim/cpu_lab2_inst2.coe'
INFO: [SIM-utils-43] Exported 'E:/CA/lab2/lab2.sim/sim_1/behav/xsim/font_rom.mif'
INFO: [SIM-utils-43] Exported 'E:/CA/lab2/lab2.sim/sim_1/behav/xsim/font_rom.coe'
INFO: [SIM-utils-43] Exported 'E:/CA/lab2/lab2.sim/sim_1/behav/xsim/rst_rom.mif'
INFO: [SIM-utils-43] Exported 'E:/CA/lab2/lab2.sim/sim_1/behav/xsim/rst_rom.coe'
INFO: [SIM-utils-43] Exported 'E:/CA/lab2/lab2.sim/sim_1/behav/xsim/mr_bram.mif'
INFO: [SIM-utils-43] Exported 'E:/CA/lab2/lab2.sim/sim_1/behav/xsim/bp_lab2_checker.coe'
INFO: [SIM-utils-43] Exported 'E:/CA/lab2/lab2.sim/sim_1/behav/xsim/decoder_checker.coe'
INFO: [SIM-utils-43] Exported 'E:/CA/lab2/lab2.sim/sim_1/behav/xsim/decoder_code.coe'
INFO: [SIM-utils-43] Exported 'E:/CA/lab2/lab2.sim/sim_1/behav/xsim/decoder_ans.coe'
INFO: [SIM-utils-43] Exported 'E:/CA/lab2/lab2.sim/sim_1/behav/xsim/cpu_inst.coe'
INFO: [SIM-utils-43] Exported 'E:/CA/lab2/lab2.sim/sim_1/behav/xsim/cpu_data.coe'
INFO: [SIM-utils-43] Exported 'E:/CA/lab2/lab2.sim/sim_1/behav/xsim/cpu_ans.coe'
INFO: [SIM-utils-43] Exported 'E:/CA/lab2/lab2.sim/sim_1/behav/xsim/cpu_checker.coe'
INFO: [SIM-utils-43] Exported 'E:/CA/lab2/lab2.sim/sim_1/behav/xsim/cpu_lab1_checker.coe'
INFO: [SIM-utils-43] Exported 'E:/CA/lab2/lab2.sim/sim_1/behav/xsim/cpu_lab1_inst0.coe'
INFO: [SIM-utils-43] Exported 'E:/CA/lab2/lab2.sim/sim_1/behav/xsim/cpu_lab1_inst1.coe'
INFO: [SIM-utils-43] Exported 'E:/CA/lab2/lab2.sim/sim_1/behav/xsim/cpu_lab1_inst2.coe'
INFO: [SIM-utils-43] Exported 'E:/CA/lab2/lab2.sim/sim_1/behav/xsim/cpu_lab1_ans0.coe'
INFO: [SIM-utils-43] Exported 'E:/CA/lab2/lab2.sim/sim_1/behav/xsim/cpu_lab1_ans1.coe'
INFO: [SIM-utils-43] Exported 'E:/CA/lab2/lab2.sim/sim_1/behav/xsim/cpu_lab1_ans2.coe'
INFO: [SIM-utils-43] Exported 'E:/CA/lab2/lab2.sim/sim_1/behav/xsim/cpu_lab1_checker.coe'
INFO: [SIM-utils-43] Exported 'E:/CA/lab2/lab2.sim/sim_1/behav/xsim/cpu_lab1_inst0.coe'
INFO: [SIM-utils-43] Exported 'E:/CA/lab2/lab2.sim/sim_1/behav/xsim/cpu_lab1_inst2.coe'
INFO: [SIM-utils-43] Exported 'E:/CA/lab2/lab2.sim/sim_1/behav/xsim/cpu_lab1_ans2.coe'
INFO: [USF-XSim-97] Finding global include files...
INFO: [USF-XSim-98] Fetching design files from 'sim_1'...
INFO: [USF-XSim-2] XSim::Compile design
INFO: [USF-XSim-61] Executing 'COMPILE and ANALYZE' step in 'E:/CA/lab2/lab2.sim/sim_1/behav/xsim'
"xvlog --incr --relax -prj tb_vlog.prj"
"xvhdl --incr --relax -prj tb_vhdl.prj"
run_program: Time (s): cpu = 00:00:00 ; elapsed = 00:00:07 . Memory (MB): peak = 1232.586 ; gain = 0.000
INFO: [USF-XSim-69] 'compile' step finished in '7' seconds
launch_simulation: Time (s): cpu = 00:00:01 ; elapsed = 00:00:08 . Memory (MB): peak = 1232.586 ; gain = 0.000
Command: launch_simulation -simset sim_1 -mode behavioral
INFO: [Vivado 12-5698] Checking validity of IPs in the design for the 'XSim' simulator...
INFO: [Vivado 12-5682] Launching behavioral simulation in 'E:/CA/lab2/lab2.sim/sim_1/behav/xsim'
INFO: [Vivado 12-4795] Using compiled simulation libraries for IPs
INFO: [USF-XSim-3] XSim::Elaborate design
INFO: [USF-XSim-61] Executing 'ELABORATE' step in 'E:/CA/lab2/lab2.sim/sim_1/behav/xsim'
"xelab -wto a09cde91121843259e7dd34b0e71a465 --incr --debug typical --relax --mt 2 -L blk_mem_gen_v8_4_4 -L xil_defaultlib -L dist_mem_gen_v8_0_13 -L generic_baseblocks_v2_1_0 -L axi_infrastructure_v1_1_0 -L axi_register_slice_v2_1_20 -L fifo_generator_v13_2_5 -L axi_data_fifo_v2_1_19 -L axi_crossbar_v2_1_21 -L unisims_ver -L unimacro_ver -L secureip -L xpm --snapshot tb_behav xil_defaultlib.tb xil_defaultlib.glbl -log elaborate.log"
Vivado Simulator 2019.2
Copyright 1986-1999, 2001-2019 Xilinx, Inc. All Rights Reserved.
Running: E:/Xilinx/Vivado/2019.2/bin/unwrapped/win64.o/xelab.exe -wto a09cde91121843259e7dd34b0e71a465 --incr --debug typical --relax --mt 2 -L blk_mem_gen_v8_4_4 -L xil_defaultlib -L dist_mem_gen_v8_0_13 -L generic_baseblocks_v2_1_0 -L axi_infrastructure_v1_1_0 -L axi_register_slice_v2_1_20 -L fifo_generator_v13_2_5 -L axi_data_fifo_v2_1_19 -L axi_crossbar_v2_1_21 -L unisims_ver -L unimacro_ver -L secureip -L xpm --snapshot tb_behav xil_defaultlib.tb xil_defaultlib.glbl -log elaborate.log 
Using 2 slave threads.
Starting static elaboration
Pass Through NonSizing Optimizer
WARNING: [VRFC 10-3091] actual bit length 32 differs from formal bit length 1 for port 'sim' [E:/CA/lab2/lab2.srcs/sources_1/new/soc_top.v:184]
WARNING: [VRFC 10-3091] actual bit length 32 differs from formal bit length 1 for port 'dma_valid_dev' [E:/CA/lab2/lab2.srcs/sources_1/new/soc_top.v:195]
WARNING: [VRFC 10-3091] actual bit length 32 differs from formal bit length 1 for port 'dma_last_dev' [E:/CA/lab2/lab2.srcs/sources_1/new/soc_top.v:196]
WARNING: [VRFC 10-3091] actual bit length 32 differs from formal bit length 16 for port 'dma_data_dev' [E:/CA/lab2/lab2.srcs/sources_1/new/soc_top.v:197]
WARNING: [VRFC 10-3091] actual bit length 4 differs from formal bit length 6 for port 'rid' [E:/CA/lab2/lab2.srcs/sources_1/new/soc_top.v:211]
WARNING: [VRFC 10-3091] actual bit length 4 differs from formal bit length 6 for port 'bid' [E:/CA/lab2/lab2.srcs/sources_1/new/soc_top.v:234]
WARNING: [VRFC 10-3091] actual bit length 16 differs from formal bit length 10 for port 'a' [E:/CA/lab2/lab2.srcs/sources_1/ip/lcd_controller_0/imports/hardware/lcd_controller.v:154]
WARNING: [VRFC 10-3091] actual bit length 32 differs from formal bit length 6 for port 'ext_int' [E:/CA/lab2/lab2.srcs/sources_1/new/soc_top.v:284]
WARNING: [VRFC 10-3091] actual bit length 32 differs from formal bit length 1 for port 'a_wait' [E:/CA/lab2/lab2.srcs/sources_1/ip/ma_river_core_0/imports/super/mul.v:50]
WARNING: [VRFC 10-3091] actual bit length 32 differs from formal bit length 48 for port 'C' [E:/CA/lab2/lab2.srcs/sources_1/ip/ma_river_core_0/imports/super/dsp_mul.v:80]
WARNING: [VRFC 10-3091] actual bit length 32 differs from formal bit length 25 for port 'D' [E:/CA/lab2/lab2.srcs/sources_1/ip/ma_river_core_0/imports/super/dsp_mul.v:82]
WARNING: [VRFC 10-3091] actual bit length 32 differs from formal bit length 1 for port 'a_wait' [E:/CA/lab2/lab2.srcs/sources_1/ip/ma_river_core_0/imports/super/mul.v:53]
WARNING: [VRFC 10-3091] actual bit length 32 differs from formal bit length 1 for port 'a_wait' [E:/CA/lab2/lab2.srcs/sources_1/ip/ma_river_core_0/imports/super/mul.v:56]
WARNING: [VRFC 10-3091] actual bit length 32 differs from formal bit length 1 for port 'a_wait' [E:/CA/lab2/lab2.srcs/sources_1/ip/ma_river_core_0/imports/super/mul.v:59]
WARNING: [VRFC 10-3091] actual bit length 26 differs from formal bit length 41 for port 'result' [E:/CA/lab2/lab2.srcs/sources_1/ip/ma_river_core_0/imports/super/f_muler_front.v:70]
WARNING: [VRFC 10-3091] actual bit length 26 differs from formal bit length 41 for port 'result' [E:/CA/lab2/lab2.srcs/sources_1/ip/ma_river_core_0/imports/super/f_muler_front.v:82]
WARNING: [VRFC 10-3091] actual bit length 22 differs from formal bit length 41 for port 'result' [E:/CA/lab2/lab2.srcs/sources_1/ip/ma_river_core_0/imports/super/f_muler_front.v:85]
WARNING: [VRFC 10-3091] actual bit length 22 differs from formal bit length 41 for port 'result' [E:/CA/lab2/lab2.srcs/sources_1/ip/ma_river_core_0/imports/super/f_muler_front.v:88]
WARNING: [VRFC 10-3091] actual bit length 22 differs from formal bit length 41 for port 'result' [E:/CA/lab2/lab2.srcs/sources_1/ip/ma_river_core_0/imports/super/f_muler_front.v:91]
WARNING: [VRFC 10-3091] actual bit length 7 differs from formal bit length 41 for port 'result' [E:/CA/lab2/lab2.srcs/sources_1/ip/ma_river_core_0/imports/super/f_muler_front.v:94]
WARNING: [VRFC 10-3091] actual bit length 32 differs from formal bit length 1 for port 'a_wait' [E:/CA/lab2/lab2.srcs/sources_1/ip/ma_river_core_0/imports/super/fpu_top.v:420]
WARNING: [VRFC 10-3091] actual bit length 32 differs from formal bit length 4 for port 's_axi_arqos' [E:/CA/lab2/lab2.srcs/sources_1/new/soc_top.v:443]
WARNING: [VRFC 10-3091] actual bit length 32 differs from formal bit length 4 for port 's_axi_awqos' [E:/CA/lab2/lab2.srcs/sources_1/new/soc_top.v:460]
WARNING: [VRFC 10-3091] actual bit length 8 differs from formal bit length 7 for port 'a' [E:/CA/lab2/lab2.srcs/sources_1/new/soc_top.v:531]
WARNING: [VRFC 10-3091] actual bit length 6 differs from formal bit length 5 for port 'waddr' [E:/CA/lab2/cpu.v:194]
WARNING: [VRFC 10-5021] port 'aclk2x' is not connected on this instance [/wrk/2019.2/continuous/2019_11_06_2708876/packages/customer/vivado/data/ip/xilinx/axi_crossbar_v2_1/hdl/axi_crossbar_v2_1_vl_rfs.v:3103]
Completed static elaboration
INFO: [XSIM 43-4323] No Change in HDL. Linking previously generated obj files to create kernel
run_program: Time (s): cpu = 00:00:00 ; elapsed = 00:00:08 . Memory (MB): peak = 1232.586 ; gain = 0.000
INFO: [USF-XSim-69] 'elaborate' step finished in '8' seconds
launch_simulation: Time (s): cpu = 00:00:00 ; elapsed = 00:00:08 . Memory (MB): peak = 1232.586 ; gain = 0.000
Vivado Simulator 2019.2
Time resolution is 1 ps
 Block Memory Generator module loading initial data...
 Block Memory Generator data initialization complete.
Block Memory Generator module tb.soc.ram.inst.axi_mem_module.blk_mem_gen_v8_4_4_inst is using a behavioral model for simulation which will not precisely model memory collision behavior.
WARNING: This core is supplied with a behavioral model. To model cycle-accurate behavior you must run timing simulation.
WARNING: This core is supplied with a behavioral model. To model cycle-accurate behavior you must run timing simulation.
Block Memory Generator module tb.soc.lcd.inst.textram.inst.native_mem_module.blk_mem_gen_v8_4_4_inst is using a behavioral model for simulation which will not precisely model memory collision behavior.
 Block Memory Generator module loading initial data...
 Block Memory Generator data initialization complete.
Block Memory Generator module tb.soc.mrcore.inst.Fetch_module.genblk1[0].icdat0.bs.inst.native_mem_module.blk_mem_gen_v8_4_4_inst is using a behavioral model for simulation which will not precisely model memory collision behavior.
 Block Memory Generator module loading initial data...
 Block Memory Generator data initialization complete.
Block Memory Generator module tb.soc.mrcore.inst.Fetch_module.genblk1[0].icdat1.bs.inst.native_mem_module.blk_mem_gen_v8_4_4_inst is using a behavioral model for simulation which will not precisely model memory collision behavior.
 Block Memory Generator module loading initial data...
 Block Memory Generator data initialization complete.
Block Memory Generator module tb.soc.mrcore.inst.Fetch_module.genblk1[1].icdat0.bs.inst.native_mem_module.blk_mem_gen_v8_4_4_inst is using a behavioral model for simulation which will not precisely model memory collision behavior.
 Block Memory Generator module loading initial data...
 Block Memory Generator data initialization complete.
Block Memory Generator module tb.soc.mrcore.inst.Fetch_module.genblk1[1].icdat1.bs.inst.native_mem_module.blk_mem_gen_v8_4_4_inst is using a behavioral model for simulation which will not precisely model memory collision behavior.
 Block Memory Generator module loading initial data...
 Block Memory Generator data initialization complete.
Block Memory Generator module tb.soc.mrcore.inst.Fetch_module.genblk1[2].icdat0.bs.inst.native_mem_module.blk_mem_gen_v8_4_4_inst is using a behavioral model for simulation which will not precisely model memory collision behavior.
 Block Memory Generator module loading initial data...
 Block Memory Generator data initialization complete.
Block Memory Generator module tb.soc.mrcore.inst.Fetch_module.genblk1[2].icdat1.bs.inst.native_mem_module.blk_mem_gen_v8_4_4_inst is using a behavioral model for simulation which will not precisely model memory collision behavior.
 Block Memory Generator module loading initial data...
 Block Memory Generator data initialization complete.
Block Memory Generator module tb.soc.mrcore.inst.Fetch_module.genblk1[3].icdat0.bs.inst.native_mem_module.blk_mem_gen_v8_4_4_inst is using a behavioral model for simulation which will not precisely model memory collision behavior.
 Block Memory Generator module loading initial data...
 Block Memory Generator data initialization complete.
Block Memory Generator module tb.soc.mrcore.inst.Fetch_module.genblk1[3].icdat1.bs.inst.native_mem_module.blk_mem_gen_v8_4_4_inst is using a behavioral model for simulation which will not precisely model memory collision behavior.
 Block Memory Generator module loading initial data...
 Block Memory Generator data initialization complete.
Block Memory Generator module tb.soc.mrcore.inst.FU_MU_module.genblk1[0].dcache_data.bt.inst.native_mem_module.blk_mem_gen_v8_4_4_inst is using a behavioral model for simulation which will not precisely model memory collision behavior.
 Block Memory Generator module loading initial data...
 Block Memory Generator data initialization complete.
Block Memory Generator module tb.soc.mrcore.inst.FU_MU_module.genblk1[1].dcache_data.bt.inst.native_mem_module.blk_mem_gen_v8_4_4_inst is using a behavioral model for simulation which will not precisely model memory collision behavior.
 Block Memory Generator module loading initial data...
 Block Memory Generator data initialization complete.
Block Memory Generator module tb.soc.mrcore.inst.FU_MU_module.genblk1[2].dcache_data.bt.inst.native_mem_module.blk_mem_gen_v8_4_4_inst is using a behavioral model for simulation which will not precisely model memory collision behavior.
WARNING: This core is supplied with a behavioral model. To model cycle-accurate behavior you must run timing simulation.
WARNING: This core is supplied with a behavioral model. To model cycle-accurate behavior you must run timing simulation.
WARNING: This core is supplied with a behavioral model. To model cycle-accurate behavior you must run timing simulation.
WARNING: This core is supplied with a behavioral model. To model cycle-accurate behavior you must run timing simulation.
WARNING: This core is supplied with a behavioral model. To model cycle-accurate behavior you must run timing simulation.
WARNING: This core is supplied with a behavioral model. To model cycle-accurate behavior you must run timing simulation.
WARNING: This core is supplied with a behavioral model. To model cycle-accurate behavior you must run timing simulation.
 Block Memory Generator module loading initial data...
 Block Memory Generator data initialization complete.
Block Memory Generator module tb.soc.checker._a0.inst.native_mem_module.blk_mem_gen_v8_4_4_inst is using a behavioral model for simulation which will not precisely model memory collision behavior.
 Block Memory Generator module loading initial data...
 Block Memory Generator data initialization complete.
Block Memory Generator module tb.soc.checker._a1.inst.native_mem_module.blk_mem_gen_v8_4_4_inst is using a behavioral model for simulation which will not precisely model memory collision behavior.
 Block Memory Generator module loading initial data...
 Block Memory Generator data initialization complete.
Block Memory Generator module tb.soc.checker._a2.inst.native_mem_module.blk_mem_gen_v8_4_4_inst is using a behavioral model for simulation which will not precisely model memory collision behavior.
relaunch_sim: Time (s): cpu = 00:00:03 ; elapsed = 00:00:22 . Memory (MB): peak = 1232.586 ; gain = 0.000
run all
WARNING in tb.soc.checker.ir.i0.inst at time                 5100 ns: 
Reading from out-of-range address. Max address in tb.soc.checker.ir.i0.inst is          31
WARNING in tb.soc.checker.ir.i1.inst at time                 5100 ns: 
Reading from out-of-range address. Max address in tb.soc.checker.ir.i1.inst is          31
WARNING in tb.soc.checker.ir.i2.inst at time                 5100 ns: 
Reading from out-of-range address. Max address in tb.soc.checker.ir.i2.inst is          31
-------------------
   HIT COA Lab2    
 Branch Predictor
-------------------
Run test case 2
Your CPU is correct! It spent 1154 cycles in total

PASS! You have done well!
-------------------
$finish called at time : 92955 ns : File "E:/CA/lab2/lab2.srcs/sources_1/new/cpu_checker.v" Line 133
run: Time (s): cpu = 00:00:01 ; elapsed = 00:00:11 . Memory (MB): peak = 1232.586 ; gain = 0.000
close_sim
INFO: [Simtcl 6-16] Simulation closed
exit
INFO: [Common 17-206] Exiting Vivado at Thu Oct 24 13:59:45 2024...
